<?xml version="1.0" encoding="UTF-8"?>
<!-- Generated by org.testng.reporters.JUnitReportReporter -->
<testsuite skipped="0" hostname="MySystem" name="Assignment.CountNumbers" tests="1" failures="0" timestamp="27 Dec 2018 06:39:41 GMT" time="0.035" errors="0">
  <testcase name="a" time="0.035" classname="Assignment.CountNumbers"/>
</testsuite> <!-- Assignment.CountNumbers -->
